<?xml version="1.0" encoding="UTF-8"?>
<!-- Generated by org.testng.reporters.JUnitReportReporter -->
<testsuite hostname="DESKTOP-OVJ75DL" failures="0" tests="6" name="TestCases.ExcelTest" time="0.363" errors="0" timestamp="2022-11-09T14:42:03 IST" skipped="0">
  <testcase classname="TestCases.ExcelTest" name="testCase1" time="0.015"/>
  <system-out/>
  <testcase classname="TestCases.ExcelTest" name="testCase2" time="0.009"/>
  <system-out/>
  <testcase classname="TestCases.ExcelTest" name="testCase3" time="0.002"/>
  <system-out/>
  <testcase classname="TestCases.ExcelTest" name="testCase4" time="0.296"/>
  <system-out/>
  <testcase classname="TestCases.ExcelTest" name="testCase5" time="0.003"/>
  <system-out/>
  <testcase classname="TestCases.ExcelTest" name="testCase6" time="0.038"/>
  <system-out/>
</testsuite> <!-- TestCases.ExcelTest -->
