<?xml version="1.0" encoding="UTF-8"?>
<!-- Generated by org.testng.reporters.JUnitReportReporter -->
<testsuite hostname="DESKTOP-OVJ75DL" failures="0" tests="1" name="ReadExcel.ReadExcel" time="0.878" errors="0" timestamp="2022-11-09T11:26:33 IST" skipped="0">
  <testcase classname="ReadExcel.ReadExcel" name="readexcel" time="0.878"/>
  <system-out/>
</testsuite> <!-- ReadExcel.ReadExcel -->
