<?xml version="1.0" encoding="UTF-8"?>
<!-- Generated by org.testng.reporters.JUnitReportReporter -->
<testsuite hostname="DESKTOP-OVJ75DL" failures="0" tests="1" name="TestCases.ReadExcelTest" time="0.837" errors="0" timestamp="2022-11-09T11:47:40 IST" skipped="0">
  <testcase classname="TestCases.ReadExcelTest" name="readExcelTest" time="0.837"/>
  <system-out/>
</testsuite> <!-- TestCases.ReadExcelTest -->
