<?xml version="1.0" encoding="UTF-8"?>
<!-- Generated by org.testng.reporters.JUnitReportReporter -->
<testsuite hostname="DESKTOP-OVJ75DL" failures="0" tests="2" name="TestCases.WriteExcelTest" time="1.037" errors="0" timestamp="2022-11-09T12:04:43 IST" skipped="0">
  <testcase classname="TestCases.WriteExcelTest" name="writeExcelTest" time="0.972"/>
  <system-out/>
  <testcase classname="TestCases.WriteExcelTest" name="writeExcelTest1" time="0.065"/>
  <system-out/>
</testsuite> <!-- TestCases.WriteExcelTest -->
